{"C:\\Users\\asus\\Downloads\\jwt and joi\\jwt-and-joi\\app.js": {"path":"C:\\Users\\asus\\Downloads\\jwt and joi\\jwt-and-joi\\app.js","statementMap":{"0":{"start":{"line":1,"column":16},"end":{"line":1,"column":34}},"1":{"start":{"line":2,"column":19},"end":{"line":2,"column":41}},"2":{"start":{"line":3,"column":21},"end":{"line":3,"column":45}},"3":{"start":{"line":4,"column":13},"end":{"line":4,"column":28}},"4":{"start":{"line":5,"column":19},"end":{"line":5,"column":43}},"5":{"start":{"line":7,"column":12},"end":{"line":7,"column":21}},"6":{"start":{"line":8,"column":13},"end":{"line":8,"column":17}},"7":{"start":{"line":10,"column":0},"end":{"line":10,"column":51}},"8":{"start":{"line":11,"column":0},"end":{"line":11,"column":27}},"9":{"start":{"line":12,"column":0},"end":{"line":12,"column":24}},"10":{"start":{"line":13,"column":0},"end":{"line":13,"column":34}},"11":{"start":{"line":15,"column":0},"end":{"line":15,"column":30}},"12":{"start":{"line":16,"column":0},"end":{"line":16,"column":48}},"13":{"start":{"line":18,"column":0},"end":{"line":18,"column":25}},"14":{"start":{"line":20,"column":0},"end":{"line":23,"column":3}},"15":{"start":{"line":21,"column":2},"end":{"line":21,"column":54}},"16":{"start":{"line":22,"column":2},"end":{"line":22,"column":48}},"17":{"start":{"line":25,"column":0},"end":{"line":27,"column":1}},"18":{"start":{"line":26,"column":2},"end":{"line":26,"column":84}},"19":{"start":{"line":26,"column":25},"end":{"line":26,"column":82}},"20":{"start":{"line":29,"column":0},"end":{"line":29,"column":21}}},"fnMap":{"0":{"name":"(anonymous_0)","decl":{"start":{"line":20,"column":8},"end":{"line":20,"column":9}},"loc":{"start":{"line":20,"column":33},"end":{"line":23,"column":1}},"line":20},"1":{"name":"(anonymous_1)","decl":{"start":{"line":26,"column":19},"end":{"line":26,"column":20}},"loc":{"start":{"line":26,"column":25},"end":{"line":26,"column":82}},"line":26}},"branchMap":{"0":{"loc":{"start":{"line":21,"column":36},"end":{"line":21,"column":52}},"type":"binary-expr","locations":[{"start":{"line":21,"column":36},"end":{"line":21,"column":45}},{"start":{"line":21,"column":49},"end":{"line":21,"column":52}}],"line":21},"1":{"loc":{"start":{"line":25,"column":0},"end":{"line":27,"column":1}},"type":"if","locations":[{"start":{"line":25,"column":0},"end":{"line":27,"column":1}},{"start":{},"end":{}}],"line":25}},"s":{"0":2,"1":2,"2":2,"3":2,"4":2,"5":2,"6":2,"7":2,"8":2,"9":2,"10":2,"11":2,"12":2,"13":2,"14":2,"15":1,"16":1,"17":2,"18":0,"19":0,"20":2},"f":{"0":1,"1":0},"b":{"0":[1,0],"1":[0,2]},"_coverageSchema":"1a1c01bbd47fc00a2c39e90264f33305004495a9","hash":"cecd088415f86993545286c999b6dbd4597ef2c5"}
,"C:\\Users\\asus\\Downloads\\jwt and joi\\jwt-and-joi\\routes\\auth.js": {"path":"C:\\Users\\asus\\Downloads\\jwt and joi\\jwt-and-joi\\routes\\auth.js","statementMap":{"0":{"start":{"line":1,"column":16},"end":{"line":1,"column":34}},"1":{"start":{"line":2,"column":15},"end":{"line":2,"column":31}},"2":{"start":{"line":3,"column":61},"end":{"line":3,"column":85}},"3":{"start":{"line":5,"column":14},"end":{"line":5,"column":16}},"4":{"start":{"line":7,"column":0},"end":{"line":7,"column":54}},"5":{"start":{"line":7,"column":30},"end":{"line":7,"column":52}},"6":{"start":{"line":9,"column":0},"end":{"line":12,"column":3}},"7":{"start":{"line":10,"column":2},"end":{"line":10,"column":82}},"8":{"start":{"line":10,"column":39},"end":{"line":10,"column":82}},"9":{"start":{"line":11,"column":2},"end":{"line":11,"column":55}},"10":{"start":{"line":14,"column":0},"end":{"line":23,"column":3}},"11":{"start":{"line":15,"column":27},"end":{"line":15,"column":56}},"12":{"start":{"line":16,"column":2},"end":{"line":16,"column":67}},"13":{"start":{"line":16,"column":13},"end":{"line":16,"column":67}},"14":{"start":{"line":18,"column":17},"end":{"line":18,"column":57}},"15":{"start":{"line":18,"column":33},"end":{"line":18,"column":56}},"16":{"start":{"line":19,"column":2},"end":{"line":19,"column":65}},"17":{"start":{"line":19,"column":14},"end":{"line":19,"column":65}},"18":{"start":{"line":21,"column":2},"end":{"line":21,"column":63}},"19":{"start":{"line":22,"column":2},"end":{"line":22,"column":51}},"20":{"start":{"line":25,"column":0},"end":{"line":28,"column":3}},"21":{"start":{"line":26,"column":2},"end":{"line":26,"column":81}},"22":{"start":{"line":26,"column":39},"end":{"line":26,"column":81}},"23":{"start":{"line":27,"column":2},"end":{"line":27,"column":39}},"24":{"start":{"line":30,"column":0},"end":{"line":39,"column":3}},"25":{"start":{"line":31,"column":27},"end":{"line":31,"column":56}},"26":{"start":{"line":32,"column":2},"end":{"line":32,"column":67}},"27":{"start":{"line":32,"column":13},"end":{"line":32,"column":67}},"28":{"start":{"line":34,"column":15},"end":{"line":34,"column":88}},"29":{"start":{"line":34,"column":31},"end":{"line":34,"column":87}},"30":{"start":{"line":35,"column":2},"end":{"line":35,"column":64}},"31":{"start":{"line":35,"column":13},"end":{"line":35,"column":64}},"32":{"start":{"line":37,"column":16},"end":{"line":37,"column":52}},"33":{"start":{"line":38,"column":2},"end":{"line":38,"column":41}},"34":{"start":{"line":41,"column":0},"end":{"line":43,"column":3}},"35":{"start":{"line":42,"column":2},"end":{"line":42,"column":77}},"36":{"start":{"line":45,"column":0},"end":{"line":48,"column":3}},"37":{"start":{"line":46,"column":2},"end":{"line":46,"column":27}},"38":{"start":{"line":47,"column":2},"end":{"line":47,"column":25}},"39":{"start":{"line":50,"column":0},"end":{"line":50,"column":24}},"40":{"start":{"line":51,"column":0},"end":{"line":55,"column":1}},"41":{"start":{"line":52,"column":2},"end":{"line":54,"column":5}},"42":{"start":{"line":53,"column":4},"end":{"line":53,"column":36}}},"fnMap":{"0":{"name":"(anonymous_0)","decl":{"start":{"line":7,"column":16},"end":{"line":7,"column":17}},"loc":{"start":{"line":7,"column":30},"end":{"line":7,"column":52}},"line":7},"1":{"name":"(anonymous_1)","decl":{"start":{"line":9,"column":22},"end":{"line":9,"column":23}},"loc":{"start":{"line":9,"column":36},"end":{"line":12,"column":1}},"line":9},"2":{"name":"(anonymous_2)","decl":{"start":{"line":14,"column":23},"end":{"line":14,"column":24}},"loc":{"start":{"line":14,"column":37},"end":{"line":23,"column":1}},"line":14},"3":{"name":"(anonymous_3)","decl":{"start":{"line":18,"column":28},"end":{"line":18,"column":29}},"loc":{"start":{"line":18,"column":33},"end":{"line":18,"column":56}},"line":18},"4":{"name":"(anonymous_4)","decl":{"start":{"line":25,"column":21},"end":{"line":25,"column":22}},"loc":{"start":{"line":25,"column":35},"end":{"line":28,"column":1}},"line":25},"5":{"name":"(anonymous_5)","decl":{"start":{"line":30,"column":22},"end":{"line":30,"column":23}},"loc":{"start":{"line":30,"column":36},"end":{"line":39,"column":1}},"line":30},"6":{"name":"(anonymous_6)","decl":{"start":{"line":34,"column":26},"end":{"line":34,"column":27}},"loc":{"start":{"line":34,"column":31},"end":{"line":34,"column":87}},"line":34},"7":{"name":"(anonymous_7)","decl":{"start":{"line":41,"column":48},"end":{"line":41,"column":49}},"loc":{"start":{"line":41,"column":62},"end":{"line":43,"column":1}},"line":41},"8":{"name":"(anonymous_8)","decl":{"start":{"line":45,"column":22},"end":{"line":45,"column":23}},"loc":{"start":{"line":45,"column":36},"end":{"line":48,"column":1}},"line":45},"9":{"name":"(anonymous_9)","decl":{"start":{"line":52,"column":29},"end":{"line":52,"column":30}},"loc":{"start":{"line":52,"column":49},"end":{"line":54,"column":3}},"line":52}},"branchMap":{"0":{"loc":{"start":{"line":10,"column":2},"end":{"line":10,"column":82}},"type":"if","locations":[{"start":{"line":10,"column":2},"end":{"line":10,"column":82}},{"start":{},"end":{}}],"line":10},"1":{"loc":{"start":{"line":16,"column":2},"end":{"line":16,"column":67}},"type":"if","locations":[{"start":{"line":16,"column":2},"end":{"line":16,"column":67}},{"start":{},"end":{}}],"line":16},"2":{"loc":{"start":{"line":19,"column":2},"end":{"line":19,"column":65}},"type":"if","locations":[{"start":{"line":19,"column":2},"end":{"line":19,"column":65}},{"start":{},"end":{}}],"line":19},"3":{"loc":{"start":{"line":26,"column":2},"end":{"line":26,"column":81}},"type":"if","locations":[{"start":{"line":26,"column":2},"end":{"line":26,"column":81}},{"start":{},"end":{}}],"line":26},"4":{"loc":{"start":{"line":32,"column":2},"end":{"line":32,"column":67}},"type":"if","locations":[{"start":{"line":32,"column":2},"end":{"line":32,"column":67}},{"start":{},"end":{}}],"line":32},"5":{"loc":{"start":{"line":34,"column":31},"end":{"line":34,"column":87}},"type":"binary-expr","locations":[{"start":{"line":34,"column":31},"end":{"line":34,"column":54}},{"start":{"line":34,"column":58},"end":{"line":34,"column":87}}],"line":34},"6":{"loc":{"start":{"line":35,"column":2},"end":{"line":35,"column":64}},"type":"if","locations":[{"start":{"line":35,"column":2},"end":{"line":35,"column":64}},{"start":{},"end":{}}],"line":35},"7":{"loc":{"start":{"line":51,"column":0},"end":{"line":55,"column":1}},"type":"if","locations":[{"start":{"line":51,"column":0},"end":{"line":55,"column":1}},{"start":{},"end":{}}],"line":51}},"s":{"0":2,"1":2,"2":2,"3":2,"4":2,"5":0,"6":2,"7":1,"8":1,"9":0,"10":2,"11":3,"12":3,"13":1,"14":2,"15":1,"16":2,"17":1,"18":1,"19":1,"20":2,"21":1,"22":1,"23":0,"24":2,"25":3,"26":3,"27":1,"28":2,"29":2,"30":2,"31":1,"32":1,"33":1,"34":2,"35":0,"36":2,"37":1,"38":1,"39":2,"40":2,"41":2,"42":1},"f":{"0":0,"1":1,"2":3,"3":1,"4":1,"5":3,"6":2,"7":0,"8":1,"9":1},"b":{"0":[1,0],"1":[1,2],"2":[1,1],"3":[1,0],"4":[1,2],"5":[2,2],"6":[1,1],"7":[2,0]},"_coverageSchema":"1a1c01bbd47fc00a2c39e90264f33305004495a9","hash":"76f5b66d862b579e806cf51ab6118aa3eda59045"}
,"C:\\Users\\asus\\Downloads\\jwt and joi\\jwt-and-joi\\utils\\auth.js": {"path":"C:\\Users\\asus\\Downloads\\jwt and joi\\jwt-and-joi\\utils\\auth.js","statementMap":{"0":{"start":{"line":1,"column":12},"end":{"line":1,"column":35}},"1":{"start":{"line":2,"column":12},"end":{"line":2,"column":26}},"2":{"start":{"line":4,"column":19},"end":{"line":4,"column":40}},"3":{"start":{"line":7,"column":19},"end":{"line":10,"column":2}},"4":{"start":{"line":14,"column":2},"end":{"line":14,"column":56}},"5":{"start":{"line":19,"column":2},"end":{"line":19,"column":35}},"6":{"start":{"line":24,"column":16},"end":{"line":24,"column":33}},"7":{"start":{"line":26,"column":2},"end":{"line":29,"column":3}},"8":{"start":{"line":28,"column":4},"end":{"line":28,"column":34}},"9":{"start":{"line":31,"column":2},"end":{"line":38,"column":3}},"10":{"start":{"line":32,"column":20},"end":{"line":32,"column":38}},"11":{"start":{"line":33,"column":4},"end":{"line":33,"column":23}},"12":{"start":{"line":34,"column":4},"end":{"line":34,"column":11}},"13":{"start":{"line":37,"column":4},"end":{"line":37,"column":34}},"14":{"start":{"line":41,"column":0},"end":{"line":46,"column":2}}},"fnMap":{"0":{"name":"generateToken","decl":{"start":{"line":13,"column":9},"end":{"line":13,"column":22}},"loc":{"start":{"line":13,"column":53},"end":{"line":15,"column":1}},"line":13},"1":{"name":"verifyToken","decl":{"start":{"line":18,"column":9},"end":{"line":18,"column":20}},"loc":{"start":{"line":18,"column":49},"end":{"line":20,"column":1}},"line":18},"2":{"name":"verifyTokenMiddleware","decl":{"start":{"line":23,"column":9},"end":{"line":23,"column":30}},"loc":{"start":{"line":23,"column":47},"end":{"line":39,"column":1}},"line":23}},"branchMap":{"0":{"loc":{"start":{"line":13,"column":32},"end":{"line":13,"column":51}},"type":"default-arg","locations":[{"start":{"line":13,"column":41},"end":{"line":13,"column":51}}],"line":13},"1":{"loc":{"start":{"line":18,"column":28},"end":{"line":18,"column":47}},"type":"default-arg","locations":[{"start":{"line":18,"column":37},"end":{"line":18,"column":47}}],"line":18},"2":{"loc":{"start":{"line":26,"column":2},"end":{"line":29,"column":3}},"type":"if","locations":[{"start":{"line":26,"column":2},"end":{"line":29,"column":3}},{"start":{},"end":{}}],"line":26}},"s":{"0":3,"1":3,"2":3,"3":3,"4":2,"5":2,"6":1,"7":1,"8":1,"9":0,"10":0,"11":0,"12":0,"13":0,"14":3},"f":{"0":2,"1":2,"2":1},"b":{"0":[1],"1":[0],"2":[1,0]},"_coverageSchema":"1a1c01bbd47fc00a2c39e90264f33305004495a9","hash":"7489fdb772ab65d9e2f787b261ed035ba733ba1a"}
}
