{"C:\\Users\\asus\\Downloads\\jwt and joi\\jwt-and-joi\\app.js": {"path":"C:\\Users\\asus\\Downloads\\jwt and joi\\jwt-and-joi\\app.js","statementMap":{"0":{"start":{"line":1,"column":16},"end":{"line":1,"column":34}},"1":{"start":{"line":2,"column":19},"end":{"line":2,"column":41}},"2":{"start":{"line":3,"column":21},"end":{"line":3,"column":45}},"3":{"start":{"line":4,"column":13},"end":{"line":4,"column":28}},"4":{"start":{"line":5,"column":19},"end":{"line":5,"column":43}},"5":{"start":{"line":7,"column":12},"end":{"line":7,"column":21}},"6":{"start":{"line":8,"column":13},"end":{"line":8,"column":37}},"7":{"start":{"line":11,"column":0},"end":{"line":11,"column":51}},"8":{"start":{"line":12,"column":0},"end":{"line":12,"column":27}},"9":{"start":{"line":13,"column":0},"end":{"line":13,"column":24}},"10":{"start":{"line":14,"column":0},"end":{"line":14,"column":34}},"11":{"start":{"line":17,"column":0},"end":{"line":17,"column":30}},"12":{"start":{"line":18,"column":0},"end":{"line":18,"column":48}},"13":{"start":{"line":21,"column":0},"end":{"line":21,"column":25}},"14":{"start":{"line":24,"column":0},"end":{"line":27,"column":3}},"15":{"start":{"line":25,"column":2},"end":{"line":25,"column":54}},"16":{"start":{"line":26,"column":2},"end":{"line":26,"column":48}},"17":{"start":{"line":31,"column":0},"end":{"line":31,"column":21}}},"fnMap":{"0":{"name":"(anonymous_0)","decl":{"start":{"line":24,"column":8},"end":{"line":24,"column":9}},"loc":{"start":{"line":24,"column":33},"end":{"line":27,"column":1}},"line":24}},"branchMap":{"0":{"loc":{"start":{"line":8,"column":13},"end":{"line":8,"column":37}},"type":"binary-expr","locations":[{"start":{"line":8,"column":13},"end":{"line":8,"column":29}},{"start":{"line":8,"column":33},"end":{"line":8,"column":37}}],"line":8},"1":{"loc":{"start":{"line":25,"column":36},"end":{"line":25,"column":52}},"type":"binary-expr","locations":[{"start":{"line":25,"column":36},"end":{"line":25,"column":45}},{"start":{"line":25,"column":49},"end":{"line":25,"column":52}}],"line":25}},"s":{"0":2,"1":2,"2":2,"3":2,"4":2,"5":2,"6":2,"7":2,"8":2,"9":2,"10":2,"11":2,"12":2,"13":2,"14":2,"15":1,"16":1,"17":2},"f":{"0":1},"b":{"0":[2,2],"1":[1,0]},"_coverageSchema":"1a1c01bbd47fc00a2c39e90264f33305004495a9","hash":"93e1465af6b4944e9ee53daec23d7da4468733f7"}
,"C:\\Users\\asus\\Downloads\\jwt and joi\\jwt-and-joi\\routes\\auth.js": {"path":"C:\\Users\\asus\\Downloads\\jwt and joi\\jwt-and-joi\\routes\\auth.js","statementMap":{"0":{"start":{"line":1,"column":16},"end":{"line":1,"column":34}},"1":{"start":{"line":2,"column":15},"end":{"line":2,"column":31}},"2":{"start":{"line":7,"column":4},"end":{"line":7,"column":28}},"3":{"start":{"line":9,"column":14},"end":{"line":9,"column":16}},"4":{"start":{"line":12,"column":0},"end":{"line":12,"column":54}},"5":{"start":{"line":12,"column":30},"end":{"line":12,"column":52}},"6":{"start":{"line":15,"column":0},"end":{"line":18,"column":3}},"7":{"start":{"line":16,"column":2},"end":{"line":16,"column":82}},"8":{"start":{"line":16,"column":39},"end":{"line":16,"column":82}},"9":{"start":{"line":17,"column":2},"end":{"line":17,"column":55}},"10":{"start":{"line":21,"column":0},"end":{"line":33,"column":3}},"11":{"start":{"line":22,"column":27},"end":{"line":22,"column":54}},"12":{"start":{"line":23,"column":2},"end":{"line":26,"column":3}},"13":{"start":{"line":24,"column":21},"end":{"line":24,"column":75}},"14":{"start":{"line":24,"column":49},"end":{"line":24,"column":63}},"15":{"start":{"line":25,"column":4},"end":{"line":25,"column":42}},"16":{"start":{"line":28,"column":17},"end":{"line":28,"column":57}},"17":{"start":{"line":28,"column":33},"end":{"line":28,"column":56}},"18":{"start":{"line":29,"column":2},"end":{"line":29,"column":65}},"19":{"start":{"line":29,"column":14},"end":{"line":29,"column":65}},"20":{"start":{"line":31,"column":2},"end":{"line":31,"column":63}},"21":{"start":{"line":32,"column":2},"end":{"line":32,"column":51}},"22":{"start":{"line":36,"column":0},"end":{"line":39,"column":3}},"23":{"start":{"line":37,"column":2},"end":{"line":37,"column":81}},"24":{"start":{"line":37,"column":39},"end":{"line":37,"column":81}},"25":{"start":{"line":38,"column":2},"end":{"line":38,"column":39}},"26":{"start":{"line":42,"column":0},"end":{"line":54,"column":3}},"27":{"start":{"line":43,"column":27},"end":{"line":43,"column":54}},"28":{"start":{"line":44,"column":2},"end":{"line":47,"column":3}},"29":{"start":{"line":45,"column":21},"end":{"line":45,"column":75}},"30":{"start":{"line":45,"column":49},"end":{"line":45,"column":63}},"31":{"start":{"line":46,"column":4},"end":{"line":46,"column":42}},"32":{"start":{"line":49,"column":15},"end":{"line":49,"column":88}},"33":{"start":{"line":49,"column":31},"end":{"line":49,"column":87}},"34":{"start":{"line":50,"column":2},"end":{"line":50,"column":64}},"35":{"start":{"line":50,"column":13},"end":{"line":50,"column":64}},"36":{"start":{"line":52,"column":16},"end":{"line":52,"column":52}},"37":{"start":{"line":53,"column":2},"end":{"line":53,"column":41}},"38":{"start":{"line":57,"column":0},"end":{"line":59,"column":3}},"39":{"start":{"line":58,"column":2},"end":{"line":58,"column":77}},"40":{"start":{"line":62,"column":0},"end":{"line":65,"column":3}},"41":{"start":{"line":63,"column":2},"end":{"line":63,"column":27}},"42":{"start":{"line":64,"column":2},"end":{"line":64,"column":25}},"43":{"start":{"line":68,"column":0},"end":{"line":72,"column":1}},"44":{"start":{"line":69,"column":2},"end":{"line":71,"column":5}},"45":{"start":{"line":70,"column":4},"end":{"line":70,"column":36}},"46":{"start":{"line":74,"column":0},"end":{"line":74,"column":24}}},"fnMap":{"0":{"name":"(anonymous_0)","decl":{"start":{"line":12,"column":16},"end":{"line":12,"column":17}},"loc":{"start":{"line":12,"column":30},"end":{"line":12,"column":52}},"line":12},"1":{"name":"(anonymous_1)","decl":{"start":{"line":15,"column":22},"end":{"line":15,"column":23}},"loc":{"start":{"line":15,"column":36},"end":{"line":18,"column":1}},"line":15},"2":{"name":"(anonymous_2)","decl":{"start":{"line":21,"column":23},"end":{"line":21,"column":24}},"loc":{"start":{"line":21,"column":37},"end":{"line":33,"column":1}},"line":21},"3":{"name":"(anonymous_3)","decl":{"start":{"line":24,"column":39},"end":{"line":24,"column":40}},"loc":{"start":{"line":24,"column":49},"end":{"line":24,"column":63}},"line":24},"4":{"name":"(anonymous_4)","decl":{"start":{"line":28,"column":28},"end":{"line":28,"column":29}},"loc":{"start":{"line":28,"column":33},"end":{"line":28,"column":56}},"line":28},"5":{"name":"(anonymous_5)","decl":{"start":{"line":36,"column":21},"end":{"line":36,"column":22}},"loc":{"start":{"line":36,"column":35},"end":{"line":39,"column":1}},"line":36},"6":{"name":"(anonymous_6)","decl":{"start":{"line":42,"column":22},"end":{"line":42,"column":23}},"loc":{"start":{"line":42,"column":36},"end":{"line":54,"column":1}},"line":42},"7":{"name":"(anonymous_7)","decl":{"start":{"line":45,"column":39},"end":{"line":45,"column":40}},"loc":{"start":{"line":45,"column":49},"end":{"line":45,"column":63}},"line":45},"8":{"name":"(anonymous_8)","decl":{"start":{"line":49,"column":26},"end":{"line":49,"column":27}},"loc":{"start":{"line":49,"column":31},"end":{"line":49,"column":87}},"line":49},"9":{"name":"(anonymous_9)","decl":{"start":{"line":57,"column":48},"end":{"line":57,"column":49}},"loc":{"start":{"line":57,"column":62},"end":{"line":59,"column":1}},"line":57},"10":{"name":"(anonymous_10)","decl":{"start":{"line":62,"column":22},"end":{"line":62,"column":23}},"loc":{"start":{"line":62,"column":36},"end":{"line":65,"column":1}},"line":62},"11":{"name":"(anonymous_11)","decl":{"start":{"line":69,"column":29},"end":{"line":69,"column":30}},"loc":{"start":{"line":69,"column":49},"end":{"line":71,"column":3}},"line":69}},"branchMap":{"0":{"loc":{"start":{"line":16,"column":2},"end":{"line":16,"column":82}},"type":"if","locations":[{"start":{"line":16,"column":2},"end":{"line":16,"column":82}},{"start":{},"end":{}}],"line":16},"1":{"loc":{"start":{"line":23,"column":2},"end":{"line":26,"column":3}},"type":"if","locations":[{"start":{"line":23,"column":2},"end":{"line":26,"column":3}},{"start":{},"end":{}}],"line":23},"2":{"loc":{"start":{"line":29,"column":2},"end":{"line":29,"column":65}},"type":"if","locations":[{"start":{"line":29,"column":2},"end":{"line":29,"column":65}},{"start":{},"end":{}}],"line":29},"3":{"loc":{"start":{"line":37,"column":2},"end":{"line":37,"column":81}},"type":"if","locations":[{"start":{"line":37,"column":2},"end":{"line":37,"column":81}},{"start":{},"end":{}}],"line":37},"4":{"loc":{"start":{"line":44,"column":2},"end":{"line":47,"column":3}},"type":"if","locations":[{"start":{"line":44,"column":2},"end":{"line":47,"column":3}},{"start":{},"end":{}}],"line":44},"5":{"loc":{"start":{"line":49,"column":31},"end":{"line":49,"column":87}},"type":"binary-expr","locations":[{"start":{"line":49,"column":31},"end":{"line":49,"column":54}},{"start":{"line":49,"column":58},"end":{"line":49,"column":87}}],"line":49},"6":{"loc":{"start":{"line":50,"column":2},"end":{"line":50,"column":64}},"type":"if","locations":[{"start":{"line":50,"column":2},"end":{"line":50,"column":64}},{"start":{},"end":{}}],"line":50},"7":{"loc":{"start":{"line":68,"column":0},"end":{"line":72,"column":1}},"type":"if","locations":[{"start":{"line":68,"column":0},"end":{"line":72,"column":1}},{"start":{},"end":{}}],"line":68}},"s":{"0":2,"1":2,"2":2,"3":2,"4":2,"5":0,"6":2,"7":1,"8":1,"9":0,"10":2,"11":3,"12":3,"13":1,"14":2,"15":1,"16":2,"17":1,"18":2,"19":1,"20":1,"21":1,"22":2,"23":1,"24":1,"25":0,"26":2,"27":3,"28":3,"29":1,"30":2,"31":1,"32":2,"33":2,"34":2,"35":1,"36":1,"37":1,"38":2,"39":0,"40":2,"41":1,"42":1,"43":2,"44":2,"45":1,"46":2},"f":{"0":0,"1":1,"2":3,"3":2,"4":1,"5":1,"6":3,"7":2,"8":2,"9":0,"10":1,"11":1},"b":{"0":[1,0],"1":[1,2],"2":[1,1],"3":[1,0],"4":[1,2],"5":[2,2],"6":[1,1],"7":[2,0]},"_coverageSchema":"1a1c01bbd47fc00a2c39e90264f33305004495a9","hash":"704f4dddb15874e1cd43494bb28e0040f8887b59"}
,"C:\\Users\\asus\\Downloads\\jwt and joi\\jwt-and-joi\\utils\\auth.js": {"path":"C:\\Users\\asus\\Downloads\\jwt and joi\\jwt-and-joi\\utils\\auth.js","statementMap":{"0":{"start":{"line":1,"column":12},"end":{"line":1,"column":35}},"1":{"start":{"line":2,"column":12},"end":{"line":2,"column":26}},"2":{"start":{"line":4,"column":19},"end":{"line":4,"column":66}},"3":{"start":{"line":7,"column":19},"end":{"line":18,"column":2}},"4":{"start":{"line":22,"column":2},"end":{"line":22,"column":58}},"5":{"start":{"line":27,"column":2},"end":{"line":27,"column":60}},"6":{"start":{"line":32,"column":2},"end":{"line":32,"column":39}},"7":{"start":{"line":37,"column":16},"end":{"line":37,"column":33}},"8":{"start":{"line":39,"column":2},"end":{"line":41,"column":3}},"9":{"start":{"line":40,"column":4},"end":{"line":40,"column":94}},"10":{"start":{"line":43,"column":2},"end":{"line":49,"column":3}},"11":{"start":{"line":44,"column":20},"end":{"line":44,"column":38}},"12":{"start":{"line":45,"column":4},"end":{"line":45,"column":23}},"13":{"start":{"line":46,"column":4},"end":{"line":46,"column":11}},"14":{"start":{"line":48,"column":4},"end":{"line":48,"column":94}},"15":{"start":{"line":52,"column":0},"end":{"line":58,"column":2}}},"fnMap":{"0":{"name":"validateAuthInput","decl":{"start":{"line":21,"column":9},"end":{"line":21,"column":26}},"loc":{"start":{"line":21,"column":33},"end":{"line":23,"column":1}},"line":21},"1":{"name":"generateToken","decl":{"start":{"line":26,"column":9},"end":{"line":26,"column":22}},"loc":{"start":{"line":26,"column":32},"end":{"line":28,"column":1}},"line":26},"2":{"name":"verifyToken","decl":{"start":{"line":31,"column":9},"end":{"line":31,"column":20}},"loc":{"start":{"line":31,"column":28},"end":{"line":33,"column":1}},"line":31},"3":{"name":"verifyTokenMiddleware","decl":{"start":{"line":36,"column":9},"end":{"line":36,"column":30}},"loc":{"start":{"line":36,"column":47},"end":{"line":50,"column":1}},"line":36}},"branchMap":{"0":{"loc":{"start":{"line":4,"column":19},"end":{"line":4,"column":66}},"type":"binary-expr","locations":[{"start":{"line":4,"column":19},"end":{"line":4,"column":41}},{"start":{"line":4,"column":45},"end":{"line":4,"column":66}}],"line":4},"1":{"loc":{"start":{"line":39,"column":2},"end":{"line":41,"column":3}},"type":"if","locations":[{"start":{"line":39,"column":2},"end":{"line":41,"column":3}},{"start":{},"end":{}}],"line":39}},"s":{"0":3,"1":3,"2":3,"3":3,"4":6,"5":2,"6":1,"7":2,"8":2,"9":1,"10":1,"11":1,"12":1,"13":1,"14":0,"15":3},"f":{"0":6,"1":2,"2":1,"3":2},"b":{"0":[3,3],"1":[1,1]},"_coverageSchema":"1a1c01bbd47fc00a2c39e90264f33305004495a9","hash":"bfe69b7d93927547d4b2abc0e2ea95c683a4ee41"}
}
