TN:
SF:app.js
FN:20,(anonymous_0)
FN:26,(anonymous_1)
FNF:2
FNH:1
FNDA:1,(anonymous_0)
FNDA:0,(anonymous_1)
DA:1,2
DA:2,2
DA:3,2
DA:4,2
DA:5,2
DA:7,2
DA:8,2
DA:10,2
DA:11,2
DA:12,2
DA:13,2
DA:15,2
DA:16,2
DA:18,2
DA:20,2
DA:21,1
DA:22,1
DA:25,2
DA:26,0
DA:29,2
LF:20
LH:19
BRDA:21,0,0,1
BRDA:21,0,1,0
BRDA:25,1,0,0
BRDA:25,1,1,2
BRF:4
BRH:2
end_of_record
TN:
SF:routes\auth.js
FN:7,(anonymous_0)
FN:9,(anonymous_1)
FN:14,(anonymous_2)
FN:18,(anonymous_3)
FN:25,(anonymous_4)
FN:30,(anonymous_5)
FN:34,(anonymous_6)
FN:41,(anonymous_7)
FN:45,(anonymous_8)
FN:52,(anonymous_9)
FNF:10
FNH:8
FNDA:0,(anonymous_0)
FNDA:1,(anonymous_1)
FNDA:3,(anonymous_2)
FNDA:1,(anonymous_3)
FNDA:1,(anonymous_4)
FNDA:3,(anonymous_5)
FNDA:2,(anonymous_6)
FNDA:0,(anonymous_7)
FNDA:1,(anonymous_8)
FNDA:1,(anonymous_9)
DA:1,2
DA:2,2
DA:3,2
DA:5,2
DA:7,2
DA:9,2
DA:10,1
DA:11,0
DA:14,2
DA:15,3
DA:16,3
DA:18,2
DA:19,2
DA:21,1
DA:22,1
DA:25,2
DA:26,1
DA:27,0
DA:30,2
DA:31,3
DA:32,3
DA:34,2
DA:35,2
DA:37,1
DA:38,1
DA:41,2
DA:42,0
DA:45,2
DA:46,1
DA:47,1
DA:50,2
DA:51,2
DA:52,2
DA:53,1
LF:34
LH:31
BRDA:10,0,0,1
BRDA:10,0,1,0
BRDA:16,1,0,1
BRDA:16,1,1,2
BRDA:19,2,0,1
BRDA:19,2,1,1
BRDA:26,3,0,1
BRDA:26,3,1,0
BRDA:32,4,0,1
BRDA:32,4,1,2
BRDA:34,5,0,2
BRDA:34,5,1,2
BRDA:35,6,0,1
BRDA:35,6,1,1
BRDA:51,7,0,2
BRDA:51,7,1,0
BRF:16
BRH:13
end_of_record
TN:
SF:utils\auth.js
FN:13,generateToken
FN:18,verifyToken
FN:23,verifyTokenMiddleware
FNF:3
FNH:3
FNDA:2,generateToken
FNDA:2,verifyToken
FNDA:1,verifyTokenMiddleware
DA:1,3
DA:2,3
DA:4,3
DA:7,3
DA:14,2
DA:19,2
DA:24,1
DA:26,1
DA:28,1
DA:31,0
DA:32,0
DA:33,0
DA:34,0
DA:37,0
DA:41,3
LF:15
LH:10
BRDA:13,0,0,1
BRDA:18,1,0,0
BRDA:26,2,0,1
BRDA:26,2,1,0
BRF:4
BRH:2
end_of_record
