TN:
SF:app.js
FN:24,(anonymous_0)
FNF:1
FNH:1
FNDA:1,(anonymous_0)
DA:1,2
DA:2,2
DA:3,2
DA:4,2
DA:5,2
DA:7,2
DA:8,2
DA:11,2
DA:12,2
DA:13,2
DA:14,2
DA:17,2
DA:18,2
DA:21,2
DA:24,2
DA:25,1
DA:26,1
DA:31,2
LF:18
LH:18
BRDA:8,0,0,2
BRDA:8,0,1,2
BRDA:25,1,0,1
BRDA:25,1,1,0
BRF:4
BRH:3
end_of_record
TN:
SF:routes\auth.js
FN:12,(anonymous_0)
FN:15,(anonymous_1)
FN:21,(anonymous_2)
FN:24,(anonymous_3)
FN:28,(anonymous_4)
FN:36,(anonymous_5)
FN:42,(anonymous_6)
FN:45,(anonymous_7)
FN:49,(anonymous_8)
FN:57,(anonymous_9)
FN:62,(anonymous_10)
FN:69,(anonymous_11)
FNF:12
FNH:10
FNDA:0,(anonymous_0)
FNDA:1,(anonymous_1)
FNDA:3,(anonymous_2)
FNDA:2,(anonymous_3)
FNDA:1,(anonymous_4)
FNDA:1,(anonymous_5)
FNDA:3,(anonymous_6)
FNDA:2,(anonymous_7)
FNDA:2,(anonymous_8)
FNDA:0,(anonymous_9)
FNDA:1,(anonymous_10)
FNDA:1,(anonymous_11)
DA:1,2
DA:2,2
DA:7,2
DA:9,2
DA:12,2
DA:15,2
DA:16,1
DA:17,0
DA:21,2
DA:22,3
DA:23,3
DA:24,2
DA:25,1
DA:28,2
DA:29,2
DA:31,1
DA:32,1
DA:36,2
DA:37,1
DA:38,0
DA:42,2
DA:43,3
DA:44,3
DA:45,2
DA:46,1
DA:49,2
DA:50,2
DA:52,1
DA:53,1
DA:57,2
DA:58,0
DA:62,2
DA:63,1
DA:64,1
DA:68,2
DA:69,2
DA:70,1
DA:74,2
LF:38
LH:35
BRDA:16,0,0,1
BRDA:16,0,1,0
BRDA:23,1,0,1
BRDA:23,1,1,2
BRDA:29,2,0,1
BRDA:29,2,1,1
BRDA:37,3,0,1
BRDA:37,3,1,0
BRDA:44,4,0,1
BRDA:44,4,1,2
BRDA:49,5,0,2
BRDA:49,5,1,2
BRDA:50,6,0,1
BRDA:50,6,1,1
BRDA:68,7,0,2
BRDA:68,7,1,0
BRF:16
BRH:13
end_of_record
TN:
SF:utils\auth.js
FN:21,validateAuthInput
FN:26,generateToken
FN:31,verifyToken
FN:36,verifyTokenMiddleware
FNF:4
FNH:4
FNDA:6,validateAuthInput
FNDA:2,generateToken
FNDA:1,verifyToken
FNDA:2,verifyTokenMiddleware
DA:1,3
DA:2,3
DA:4,3
DA:7,3
DA:22,6
DA:27,2
DA:32,1
DA:37,2
DA:39,2
DA:40,1
DA:43,1
DA:44,1
DA:45,1
DA:46,1
DA:48,0
DA:52,3
LF:16
LH:15
BRDA:4,0,0,3
BRDA:4,0,1,3
BRDA:39,1,0,1
BRDA:39,1,1,1
BRF:4
BRH:4
end_of_record
